<?xml version="1.0" encoding="UTF-8"?>
<!-- Generated by org.testng.reporters.JUnitReportReporter -->
<testsuite hostname="DESKTOP-62ER8MM" failures="0" tests="1" name="try_catch.pdf_readuseing_trycatch" time="22.771" errors="0" timestamp="2023-02-28T13:13:37 IST" skipped="0">
  <testcase classname="try_catch.pdf_readuseing_trycatch" name="verifyContentInPDf" time="22.771"/>
  <system-out/>
</testsuite> <!-- try_catch.pdf_readuseing_trycatch -->
