<?xml version="1.0" encoding="UTF-8"?>
<!-- Generated by org.testng.reporters.JUnitReportReporter -->
<testsuite hostname="DESKTOP-62ER8MM" failures="0" tests="1" name="try_catch.NewTest" time="0.013" errors="0" timestamp="2023-02-28T13:29:56 IST" skipped="0">
  <testcase classname="try_catch.NewTest" name="f" time="0.013"/>
  <system-out/>
</testsuite> <!-- try_catch.NewTest -->
